<?xml version="1.0" encoding="UTF-8"?>
<!-- Generated by org.testng.reporters.JUnitReportReporter -->
<testsuite skipped="0" hostname="DESKTOP-IK5TT1R" name="com.crm.Test.TestLogin" tests="1" failures="0" timestamp="2020-04-16T15:15:00 IST" time="1.105" errors="0">
  <testcase name="usernametest" time="1.105" classname="com.crm.Test.TestLogin"/>
</testsuite> <!-- com.crm.Test.TestLogin -->
